# JRE version: Java(TM) SE Runtime Environment (8.0_333-b02) (build 1.8.0_333-b02)
# Java VM: Java HotSpot(TM) 64-Bit Server VM (25.333-b02 mixed mode windows-amd64 compressed oops)
Heap:
 PSYoungGen      total 37888K, used 17214K [0x00000000d6380000, 0x00000000d9d00000, 0x0000000100000000)
  eden space 32768K, 52% used [0x00000000d6380000,0x00000000d744fac8,0x00000000d8380000)
  from space 5120K, 0% used [0x00000000d9800000,0x00000000d9800000,0x00000000d9d00000)
  to   space 5120K, 0% used [0x00000000d8380000,0x00000000d8380000,0x00000000d8880000)
 ParOldGen       total 52736K, used 6129K [0x0000000082a00000, 0x0000000085d80000, 0x00000000d6380000)
  object space 52736K, 11% used [0x0000000082a00000,0x0000000082ffc498,0x0000000085d80000)
 Metaspace       used 19305K, capacity 20280K, committed 20608K, reserved 1075200K
  class space    used 2411K, capacity 2632K, committed 2688K, reserved 1048576K
GC Heap History (10 events):
Event: 1.726 GC heap before
{Heap before GC invocations=2 (full 0):
 PSYoungGen      total 37888K, used 22842K [0x00000000d6380000, 0x00000000d8d80000, 0x0000000100000000)
  eden space 32768K, 56% used [0x00000000d6380000,0x00000000d756cc48,0x00000000d8380000)
  from space 5120K, 87% used [0x00000000d8380000,0x00000000d87e1ca0,0x00000000d8880000)
  to   space 5120K, 0% used [0x00000000d8880000,0x00000000d8880000,0x00000000d8d80000)
 ParOldGen       total 86016K, used 16K [0x0000000082a00000, 0x0000000087e00000, 0x00000000d6380000)
  object space 86016K, 0% used [0x0000000082a00000,0x0000000082a04000,0x0000000087e00000)
 Metaspace       used 10924K, capacity 11258K, committed 11392K, reserved 1058816K
  class space    used 1297K, capacity 1377K, committed 1408K, reserved 1048576K
Event: 1.736 GC heap after
Heap after GC invocations=2 (full 0):
 PSYoungGen      total 37888K, used 4171K [0x00000000d6380000, 0x00000000d8d80000, 0x0000000100000000)
  eden space 32768K, 0% used [0x00000000d6380000,0x00000000d6380000,0x00000000d8380000)
  from space 5120K, 81% used [0x00000000d8880000,0x00000000d8c92e28,0x00000000d8d80000)
  to   space 5120K, 0% used [0x00000000d8380000,0x00000000d8380000,0x00000000d8880000)
 ParOldGen       total 86016K, used 24K [0x0000000082a00000, 0x0000000087e00000, 0x00000000d6380000)
  object space 86016K, 0% used [0x0000000082a00000,0x0000000082a06000,0x0000000087e00000)
 Metaspace       used 10924K, capacity 11258K, committed 11392K, reserved 1058816K
  class space    used 1297K, capacity 1377K, committed 1408K, reserved 1048576K
}
Event: 1.736 GC heap before
{Heap before GC invocations=3 (full 1):
 PSYoungGen      total 37888K, used 4171K [0x00000000d6380000, 0x00000000d8d80000, 0x0000000100000000)
  eden space 32768K, 0% used [0x00000000d6380000,0x00000000d6380000,0x00000000d8380000)
  from space 5120K, 81% used [0x00000000d8880000,0x00000000d8c92e28,0x00000000d8d80000)
  to   space 5120K, 0% used [0x00000000d8380000,0x00000000d8380000,0x00000000d8880000)
 ParOldGen       total 86016K, used 24K [0x0000000082a00000, 0x0000000087e00000, 0x00000000d6380000)
  object space 86016K, 0% used [0x0000000082a00000,0x0000000082a06000,0x0000000087e00000)
 Metaspace       used 10924K, capacity 11258K, committed 11392K, reserved 1058816K
  class space    used 1297K, capacity 1377K, committed 1408K, reserved 1048576K
Event: 1.761 GC heap after
Heap after GC invocations=3 (full 1):
 PSYoungGen      total 37888K, used 0K [0x00000000d6380000, 0x00000000d8d80000, 0x0000000100000000)
  eden space 32768K, 0% used [0x00000000d6380000,0x00000000d6380000,0x00000000d8380000)
  from space 5120K, 0% used [0x00000000d8880000,0x00000000d8880000,0x00000000d8d80000)
  to   space 5120K, 0% used [0x00000000d8380000,0x00000000d8380000,0x00000000d8880000)
 ParOldGen       total 52736K, used 3963K [0x0000000082a00000, 0x0000000085d80000, 0x00000000d6380000)
  object space 52736K, 7% used [0x0000000082a00000,0x0000000082ddec80,0x0000000085d80000)
 Metaspace       used 10924K, capacity 11258K, committed 11392K, reserved 1058816K
  class space    used 1297K, capacity 1377K, committed 1408K, reserved 1048576K
}
Event: 2.803 GC heap before
{Heap before GC invocations=4 (full 1):
 PSYoungGen      total 37888K, used 32768K [0x00000000d6380000, 0x00000000d8d80000, 0x0000000100000000)
  eden space 32768K, 100% used [0x00000000d6380000,0x00000000d8380000,0x00000000d8380000)
  from space 5120K, 0% used [0x00000000d8880000,0x00000000d8880000,0x00000000d8d80000)
  to   space 5120K, 0% used [0x00000000d8380000,0x00000000d8380000,0x00000000d8880000)
 ParOldGen       total 52736K, used 3963K [0x0000000082a00000, 0x0000000085d80000, 0x00000000d6380000)
  object space 52736K, 7% used [0x0000000082a00000,0x0000000082ddec80,0x0000000085d80000)
 Metaspace       used 15055K, capacity 15876K, committed 16000K, reserved 1062912K
  class space    used 1901K, capacity 2072K, committed 2176K, reserved 1048576K
Event: 2.811 GC heap after
Heap after GC invocations=4 (full 1):
 PSYoungGen      total 37888K, used 3749K [0x00000000d6380000, 0x00000000d9d00000, 0x0000000100000000)
  eden space 32768K, 0% used [0x00000000d6380000,0x00000000d6380000,0x00000000d8380000)
  from space 5120K, 73% used [0x00000000d8380000,0x00000000d8729548,0x00000000d8880000)
  to   space 5120K, 0% used [0x00000000d9800000,0x00000000d9800000,0x00000000d9d00000)
 ParOldGen       total 52736K, used 3971K [0x0000000082a00000, 0x0000000085d80000, 0x00000000d6380000)
  object space 52736K, 7% used [0x0000000082a00000,0x0000000082de0c80,0x0000000085d80000)
 Metaspace       used 15055K, capacity 15876K, committed 16000K, reserved 1062912K
  class space    used 1901K, capacity 2072K, committed 2176K, reserved 1048576K
}
Event: 3.243 GC heap before
{Heap before GC invocations=5 (full 1):
 PSYoungGen      total 37888K, used 20088K [0x00000000d6380000, 0x00000000d9d00000, 0x0000000100000000)
  eden space 32768K, 49% used [0x00000000d6380000,0x00000000d7374e58,0x00000000d8380000)
  from space 5120K, 73% used [0x00000000d8380000,0x00000000d8729548,0x00000000d8880000)
  to   space 5120K, 0% used [0x00000000d9800000,0x00000000d9800000,0x00000000d9d00000)
 ParOldGen       total 52736K, used 3971K [0x0000000082a00000, 0x0000000085d80000, 0x00000000d6380000)
  object space 52736K, 7% used [0x0000000082a00000,0x0000000082de0c80,0x0000000085d80000)
 Metaspace       used 17107K, capacity 17916K, committed 18048K, reserved 1069056K
  class space    used 2132K, capacity 2320K, committed 2432K, reserved 1048576K
Event: 3.258 GC heap after
Heap after GC invocations=5 (full 1):
 PSYoungGen      total 37888K, used 3564K [0x00000000d6380000, 0x00000000d9d00000, 0x0000000100000000)
  eden space 32768K, 0% used [0x00000000d6380000,0x00000000d6380000,0x00000000d8380000)
  from space 5120K, 69% used [0x00000000d9800000,0x00000000d9b7b240,0x00000000d9d00000)
  to   space 5120K, 0% used [0x00000000d8380000,0x00000000d8380000,0x00000000d8880000)
 ParOldGen       total 52736K, used 3979K [0x0000000082a00000, 0x0000000085d80000, 0x00000000d6380000)
  object space 52736K, 7% used [0x0000000082a00000,0x0000000082de2c80,0x0000000085d80000)
 Metaspace       used 17107K, capacity 17916K, committed 18048K, reserved 1069056K
  class space    used 2132K, capacity 2320K, committed 2432K, reserved 1048576K
}
Event: 3.258 GC heap before
{Heap before GC invocations=6 (full 2):
 PSYoungGen      total 37888K, used 3564K [0x00000000d6380000, 0x00000000d9d00000, 0x0000000100000000)
  eden space 32768K, 0% used [0x00000000d6380000,0x00000000d6380000,0x00000000d8380000)
  from space 5120K, 69% used [0x00000000d9800000,0x00000000d9b7b240,0x00000000d9d00000)
  to   space 5120K, 0% used [0x00000000d8380000,0x00000000d8380000,0x00000000d8880000)
 ParOldGen       total 52736K, used 3979K [0x0000000082a00000, 0x0000000085d80000, 0x00000000d6380000)
  object space 52736K, 7% used [0x0000000082a00000,0x0000000082de2c80,0x0000000085d80000)
 Metaspace       used 17107K, capacity 17916K, committed 18048K, reserved 1069056K
  class space    used 2132K, capacity 2320K, committed 2432K, reserved 1048576K
Event: 3.314 GC heap after
Heap after GC invocations=6 (full 2):
 PSYoungGen      total 37888K, used 0K [0x00000000d6380000, 0x00000000d9d00000, 0x0000000100000000)
  eden space 32768K, 0% used [0x00000000d6380000,0x00000000d6380000,0x00000000d8380000)
  from space 5120K, 0% used [0x00000000d9800000,0x00000000d9800000,0x00000000d9d00000)
  to   space 5120K, 0% used [0x00000000d8380000,0x00000000d8380000,0x00000000d8880000)
 ParOldGen       total 52736K, used 6129K [0x0000000082a00000, 0x0000000085d80000, 0x00000000d6380000)
  object space 52736K, 11% used [0x0000000082a00000,0x0000000082ffc498,0x0000000085d80000)
 Metaspace       used 17107K, capacity 17916K, committed 18048K, reserved 1067008K
  class space    used 2132K, capacity 2320K, committed 2432K, reserved 1048576K
}

