# JRE version: Java(TM) SE Runtime Environment (8.0_333-b02) (build 1.8.0_333-b02)
# Java VM: Java HotSpot(TM) 64-Bit Server VM (25.333-b02 mixed mode windows-amd64 compressed oops)
Heap:
 PSYoungGen      total 57856K, used 34808K [0x00000000d6380000, 0x00000000da680000, 0x0000000100000000)
  eden space 50176K, 58% used [0x00000000d6380000,0x00000000d8051648,0x00000000d9480000)
  from space 7680K, 68% used [0x00000000d9f00000,0x00000000da42cc18,0x00000000da680000)
  to   space 9216K, 0% used [0x00000000d9480000,0x00000000d9480000,0x00000000d9d80000)
 ParOldGen       total 58880K, used 7698K [0x0000000082a00000, 0x0000000086380000, 0x00000000d6380000)
  object space 58880K, 13% used [0x0000000082a00000,0x0000000083184800,0x0000000086380000)
 Metaspace       used 25824K, capacity 27252K, committed 27520K, reserved 1073152K
  class space    used 3323K, capacity 3603K, committed 3712K, reserved 1048576K
GC Heap History (10 events):
Event: 2.915 GC heap before
{Heap before GC invocations=3 (full 0):
 PSYoungGen      total 37888K, used 37872K [0x00000000d6380000, 0x00000000d8d80000, 0x0000000100000000)
  eden space 32768K, 100% used [0x00000000d6380000,0x00000000d8380000,0x00000000d8380000)
  from space 5120K, 99% used [0x00000000d8880000,0x00000000d8d7c018,0x00000000d8d80000)
  to   space 5120K, 0% used [0x00000000d8380000,0x00000000d8380000,0x00000000d8880000)
 ParOldGen       total 86016K, used 605K [0x0000000082a00000, 0x0000000087e00000, 0x00000000d6380000)
  object space 86016K, 0% used [0x0000000082a00000,0x0000000082a97668,0x0000000087e00000)
 Metaspace       used 17101K, capacity 17948K, committed 18176K, reserved 1064960K
  class space    used 2123K, capacity 2288K, committed 2304K, reserved 1048576K
Event: 2.923 GC heap after
Heap after GC invocations=3 (full 0):
 PSYoungGen      total 37888K, used 5093K [0x00000000d6380000, 0x00000000d8d80000, 0x0000000100000000)
  eden space 32768K, 0% used [0x00000000d6380000,0x00000000d6380000,0x00000000d8380000)
  from space 5120K, 99% used [0x00000000d8380000,0x00000000d88796b8,0x00000000d8880000)
  to   space 5120K, 0% used [0x00000000d8880000,0x00000000d8880000,0x00000000d8d80000)
 ParOldGen       total 86016K, used 3002K [0x0000000082a00000, 0x0000000087e00000, 0x00000000d6380000)
  object space 86016K, 3% used [0x0000000082a00000,0x0000000082ceea08,0x0000000087e00000)
 Metaspace       used 17101K, capacity 17948K, committed 18176K, reserved 1064960K
  class space    used 2123K, capacity 2288K, committed 2304K, reserved 1048576K
}
Event: 3.179 GC heap before
{Heap before GC invocations=4 (full 0):
 PSYoungGen      total 37888K, used 32413K [0x00000000d6380000, 0x00000000d8d80000, 0x0000000100000000)
  eden space 32768K, 83% used [0x00000000d6380000,0x00000000d7e2e138,0x00000000d8380000)
  from space 5120K, 99% used [0x00000000d8380000,0x00000000d88796b8,0x00000000d8880000)
  to   space 5120K, 0% used [0x00000000d8880000,0x00000000d8880000,0x00000000d8d80000)
 ParOldGen       total 86016K, used 3002K [0x0000000082a00000, 0x0000000087e00000, 0x00000000d6380000)
  object space 86016K, 3% used [0x0000000082a00000,0x0000000082ceea08,0x0000000087e00000)
 Metaspace       used 20228K, capacity 21156K, committed 21248K, reserved 1067008K
  class space    used 2520K, capacity 2732K, committed 2816K, reserved 1048576K
Event: 3.187 GC heap after
Heap after GC invocations=4 (full 0):
 PSYoungGen      total 37888K, used 5105K [0x00000000d6380000, 0x00000000dad80000, 0x0000000100000000)
  eden space 32768K, 0% used [0x00000000d6380000,0x00000000d6380000,0x00000000d8380000)
  from space 5120K, 99% used [0x00000000d8880000,0x00000000d8d7c418,0x00000000d8d80000)
  to   space 5120K, 0% used [0x00000000d8380000,0x00000000d8380000,0x00000000d8880000)
 ParOldGen       total 86016K, used 5836K [0x0000000082a00000, 0x0000000087e00000, 0x00000000d6380000)
  object space 86016K, 6% used [0x0000000082a00000,0x0000000082fb31d0,0x0000000087e00000)
 Metaspace       used 20228K, capacity 21156K, committed 21248K, reserved 1067008K
  class space    used 2520K, capacity 2732K, committed 2816K, reserved 1048576K
}
Event: 3.187 GC heap before
{Heap before GC invocations=5 (full 1):
 PSYoungGen      total 37888K, used 5105K [0x00000000d6380000, 0x00000000dad80000, 0x0000000100000000)
  eden space 32768K, 0% used [0x00000000d6380000,0x00000000d6380000,0x00000000d8380000)
  from space 5120K, 99% used [0x00000000d8880000,0x00000000d8d7c418,0x00000000d8d80000)
  to   space 5120K, 0% used [0x00000000d8380000,0x00000000d8380000,0x00000000d8880000)
 ParOldGen       total 86016K, used 5836K [0x0000000082a00000, 0x0000000087e00000, 0x00000000d6380000)
  object space 86016K, 6% used [0x0000000082a00000,0x0000000082fb31d0,0x0000000087e00000)
 Metaspace       used 20228K, capacity 21156K, committed 21248K, reserved 1067008K
  class space    used 2520K, capacity 2732K, committed 2816K, reserved 1048576K
Event: 3.219 GC heap after
Heap after GC invocations=5 (full 1):
 PSYoungGen      total 37888K, used 0K [0x00000000d6380000, 0x00000000dad80000, 0x0000000100000000)
  eden space 32768K, 0% used [0x00000000d6380000,0x00000000d6380000,0x00000000d8380000)
  from space 5120K, 0% used [0x00000000d8880000,0x00000000d8880000,0x00000000d8d80000)
  to   space 5120K, 0% used [0x00000000d8380000,0x00000000d8380000,0x00000000d8880000)
 ParOldGen       total 58880K, used 7682K [0x0000000082a00000, 0x0000000086380000, 0x00000000d6380000)
  object space 58880K, 13% used [0x0000000082a00000,0x0000000083180800,0x0000000086380000)
 Metaspace       used 20228K, capacity 21156K, committed 21248K, reserved 1067008K
  class space    used 2520K, capacity 2732K, committed 2816K, reserved 1048576K
}
Event: 3.622 GC heap before
{Heap before GC invocations=6 (full 1):
 PSYoungGen      total 37888K, used 32768K [0x00000000d6380000, 0x00000000dad80000, 0x0000000100000000)
  eden space 32768K, 100% used [0x00000000d6380000,0x00000000d8380000,0x00000000d8380000)
  from space 5120K, 0% used [0x00000000d8880000,0x00000000d8880000,0x00000000d8d80000)
  to   space 5120K, 0% used [0x00000000d8380000,0x00000000d8380000,0x00000000d8880000)
 ParOldGen       total 58880K, used 7682K [0x0000000082a00000, 0x0000000086380000, 0x00000000d6380000)
  object space 58880K, 13% used [0x0000000082a00000,0x0000000083180800,0x0000000086380000)
 Metaspace       used 22091K, capacity 23186K, committed 23296K, reserved 1069056K
  class space    used 2799K, capacity 3045K, committed 3072K, reserved 1048576K
Event: 3.626 GC heap after
Heap after GC invocations=6 (full 1):
 PSYoungGen      total 37888K, used 4045K [0x00000000d6380000, 0x00000000da880000, 0x0000000100000000)
  eden space 32768K, 0% used [0x00000000d6380000,0x00000000d6380000,0x00000000d8380000)
  from space 5120K, 79% used [0x00000000d8380000,0x00000000d8773630,0x00000000d8880000)
  to   space 9728K, 0% used [0x00000000d9f00000,0x00000000d9f00000,0x00000000da880000)
 ParOldGen       total 58880K, used 7690K [0x0000000082a00000, 0x0000000086380000, 0x00000000d6380000)
  object space 58880K, 13% used [0x0000000082a00000,0x0000000083182800,0x0000000086380000)
 Metaspace       used 22091K, capacity 23186K, committed 23296K, reserved 1069056K
  class space    used 2799K, capacity 3045K, committed 3072K, reserved 1048576K
}
Event: 4.395 GC heap before
{Heap before GC invocations=7 (full 1):
 PSYoungGen      total 37888K, used 36813K [0x00000000d6380000, 0x00000000da880000, 0x0000000100000000)
  eden space 32768K, 100% used [0x00000000d6380000,0x00000000d8380000,0x00000000d8380000)
  from space 5120K, 79% used [0x00000000d8380000,0x00000000d8773630,0x00000000d8880000)
  to   space 9728K, 0% used [0x00000000d9f00000,0x00000000d9f00000,0x00000000da880000)
 ParOldGen       total 58880K, used 7690K [0x0000000082a00000, 0x0000000086380000, 0x00000000d6380000)
  object space 58880K, 13% used [0x0000000082a00000,0x0000000083182800,0x0000000086380000)
 Metaspace       used 24301K, capacity 25612K, committed 25728K, reserved 1071104K
  class space    used 3105K, capacity 3362K, committed 3456K, reserved 1048576K
Event: 4.400 GC heap after
Heap after GC invocations=7 (full 1):
 PSYoungGen      total 57856K, used 5299K [0x00000000d6380000, 0x00000000da680000, 0x0000000100000000)
  eden space 50176K, 0% used [0x00000000d6380000,0x00000000d6380000,0x00000000d9480000)
  from space 7680K, 68% used [0x00000000d9f00000,0x00000000da42cc18,0x00000000da680000)
  to   space 9216K, 0% used [0x00000000d9480000,0x00000000d9480000,0x00000000d9d80000)
 ParOldGen       total 58880K, used 7698K [0x0000000082a00000, 0x0000000086380000, 0x00000000d6380000)
  object space 58880K, 13% used [0x0000000082a00000,0x0000000083184800,0x0000000086380000)
 Metaspace       used 24301K, capacity 25612K, committed 25728K, reserved 1071104K
  class space    used 3105K, capacity 3362K, committed 3456K, reserved 1048576K
}

