# JRE version: Java(TM) SE Runtime Environment (8.0_333-b02) (build 1.8.0_333-b02)
# Java VM: Java HotSpot(TM) 64-Bit Server VM (25.333-b02 mixed mode windows-amd64 compressed oops)
Heap:
 PSYoungGen      total 70656K, used 5118K [0x00000000d6380000, 0x00000000dad80000, 0x0000000100000000)
  eden space 65536K, 0% used [0x00000000d6380000,0x00000000d6380000,0x00000000da380000)
  from space 5120K, 99% used [0x00000000da880000,0x00000000dad7fa18,0x00000000dad80000)
  to   space 5120K, 0% used [0x00000000da380000,0x00000000da380000,0x00000000da880000)
 ParOldGen       total 59904K, used 9857K [0x0000000082a00000, 0x0000000086480000, 0x00000000d6380000)
  object space 59904K, 16% used [0x0000000082a00000,0x00000000833a0478,0x0000000086480000)
 Metaspace       used 25723K, capacity 27084K, committed 27136K, reserved 1073152K
  class space    used 3313K, capacity 3562K, committed 3584K, reserved 1048576K
GC Heap History (10 events):
Event: 1.363 GC heap before
{Heap before GC invocations=2 (full 0):
 PSYoungGen      total 37888K, used 37181K [0x00000000d6380000, 0x00000000d8d80000, 0x0000000100000000)
  eden space 32768K, 100% used [0x00000000d6380000,0x00000000d8380000,0x00000000d8380000)
  from space 5120K, 86% used [0x00000000d8380000,0x00000000d87cf458,0x00000000d8880000)
  to   space 5120K, 0% used [0x00000000d8880000,0x00000000d8880000,0x00000000d8d80000)
 ParOldGen       total 86016K, used 16K [0x0000000082a00000, 0x0000000087e00000, 0x00000000d6380000)
  object space 86016K, 0% used [0x0000000082a00000,0x0000000082a04000,0x0000000087e00000)
 Metaspace       used 12780K, capacity 13244K, committed 13440K, reserved 1060864K
  class space    used 1535K, capacity 1660K, committed 1664K, reserved 1048576K
Event: 1.374 GC heap after
Heap after GC invocations=2 (full 0):
 PSYoungGen      total 37888K, used 5108K [0x00000000d6380000, 0x00000000dad80000, 0x0000000100000000)
  eden space 32768K, 0% used [0x00000000d6380000,0x00000000d6380000,0x00000000d8380000)
  from space 5120K, 99% used [0x00000000d8880000,0x00000000d8d7d1f0,0x00000000d8d80000)
  to   space 5120K, 0% used [0x00000000d8380000,0x00000000d8380000,0x00000000d8880000)
 ParOldGen       total 86016K, used 557K [0x0000000082a00000, 0x0000000087e00000, 0x00000000d6380000)
  object space 86016K, 0% used [0x0000000082a00000,0x0000000082a8b490,0x0000000087e00000)
 Metaspace       used 12780K, capacity 13244K, committed 13440K, reserved 1060864K
  class space    used 1535K, capacity 1660K, committed 1664K, reserved 1048576K
}
Event: 1.924 GC heap before
{Heap before GC invocations=3 (full 0):
 PSYoungGen      total 37888K, used 37876K [0x00000000d6380000, 0x00000000dad80000, 0x0000000100000000)
  eden space 32768K, 100% used [0x00000000d6380000,0x00000000d8380000,0x00000000d8380000)
  from space 5120K, 99% used [0x00000000d8880000,0x00000000d8d7d1f0,0x00000000d8d80000)
  to   space 5120K, 0% used [0x00000000d8380000,0x00000000d8380000,0x00000000d8880000)
 ParOldGen       total 86016K, used 557K [0x0000000082a00000, 0x0000000087e00000, 0x00000000d6380000)
  object space 86016K, 0% used [0x0000000082a00000,0x0000000082a8b490,0x0000000087e00000)
 Metaspace       used 17117K, capacity 17956K, committed 18176K, reserved 1064960K
  class space    used 2125K, capacity 2288K, committed 2304K, reserved 1048576K
Event: 1.936 GC heap after
Heap after GC invocations=3 (full 0):
 PSYoungGen      total 37888K, used 5110K [0x00000000d6380000, 0x00000000dad80000, 0x0000000100000000)
  eden space 32768K, 0% used [0x00000000d6380000,0x00000000d6380000,0x00000000d8380000)
  from space 5120K, 99% used [0x00000000d8380000,0x00000000d887da68,0x00000000d8880000)
  to   space 5120K, 0% used [0x00000000da880000,0x00000000da880000,0x00000000dad80000)
 ParOldGen       total 86016K, used 2891K [0x0000000082a00000, 0x0000000087e00000, 0x00000000d6380000)
  object space 86016K, 3% used [0x0000000082a00000,0x0000000082cd2da0,0x0000000087e00000)
 Metaspace       used 17117K, capacity 17956K, committed 18176K, reserved 1064960K
  class space    used 2125K, capacity 2288K, committed 2304K, reserved 1048576K
}
Event: 2.159 GC heap before
{Heap before GC invocations=4 (full 0):
 PSYoungGen      total 37888K, used 32026K [0x00000000d6380000, 0x00000000dad80000, 0x0000000100000000)
  eden space 32768K, 82% used [0x00000000d6380000,0x00000000d7dc9170,0x00000000d8380000)
  from space 5120K, 99% used [0x00000000d8380000,0x00000000d887da68,0x00000000d8880000)
  to   space 5120K, 0% used [0x00000000da880000,0x00000000da880000,0x00000000dad80000)
 ParOldGen       total 86016K, used 2891K [0x0000000082a00000, 0x0000000087e00000, 0x00000000d6380000)
  object space 86016K, 3% used [0x0000000082a00000,0x0000000082cd2da0,0x0000000087e00000)
 Metaspace       used 20224K, capacity 21100K, committed 21248K, reserved 1067008K
  class space    used 2518K, capacity 2732K, committed 2816K, reserved 1048576K
Event: 2.168 GC heap after
Heap after GC invocations=4 (full 0):
 PSYoungGen      total 70656K, used 5093K [0x00000000d6380000, 0x00000000dad80000, 0x0000000100000000)
  eden space 65536K, 0% used [0x00000000d6380000,0x00000000d6380000,0x00000000da380000)
  from space 5120K, 99% used [0x00000000da880000,0x00000000dad79580,0x00000000dad80000)
  to   space 5120K, 0% used [0x00000000da380000,0x00000000da380000,0x00000000da880000)
 ParOldGen       total 86016K, used 5688K [0x0000000082a00000, 0x0000000087e00000, 0x00000000d6380000)
  object space 86016K, 6% used [0x0000000082a00000,0x0000000082f8e290,0x0000000087e00000)
 Metaspace       used 20224K, capacity 21100K, committed 21248K, reserved 1067008K
  class space    used 2518K, capacity 2732K, committed 2816K, reserved 1048576K
}
Event: 2.168 GC heap before
{Heap before GC invocations=5 (full 1):
 PSYoungGen      total 70656K, used 5093K [0x00000000d6380000, 0x00000000dad80000, 0x0000000100000000)
  eden space 65536K, 0% used [0x00000000d6380000,0x00000000d6380000,0x00000000da380000)
  from space 5120K, 99% used [0x00000000da880000,0x00000000dad79580,0x00000000dad80000)
  to   space 5120K, 0% used [0x00000000da380000,0x00000000da380000,0x00000000da880000)
 ParOldGen       total 86016K, used 5688K [0x0000000082a00000, 0x0000000087e00000, 0x00000000d6380000)
  object space 86016K, 6% used [0x0000000082a00000,0x0000000082f8e290,0x0000000087e00000)
 Metaspace       used 20224K, capacity 21100K, committed 21248K, reserved 1067008K
  class space    used 2518K, capacity 2732K, committed 2816K, reserved 1048576K
Event: 2.211 GC heap after
Heap after GC invocations=5 (full 1):
 PSYoungGen      total 70656K, used 0K [0x00000000d6380000, 0x00000000dad80000, 0x0000000100000000)
  eden space 65536K, 0% used [0x00000000d6380000,0x00000000d6380000,0x00000000da380000)
  from space 5120K, 0% used [0x00000000da880000,0x00000000da880000,0x00000000dad80000)
  to   space 5120K, 0% used [0x00000000da380000,0x00000000da380000,0x00000000da880000)
 ParOldGen       total 59904K, used 7675K [0x0000000082a00000, 0x0000000086480000, 0x00000000d6380000)
  object space 59904K, 12% used [0x0000000082a00000,0x000000008317efd8,0x0000000086480000)
 Metaspace       used 20224K, capacity 21100K, committed 21248K, reserved 1067008K
  class space    used 2518K, capacity 2732K, committed 2816K, reserved 1048576K
}
Event: 2.926 GC heap before
{Heap before GC invocations=6 (full 1):
 PSYoungGen      total 70656K, used 65536K [0x00000000d6380000, 0x00000000dad80000, 0x0000000100000000)
  eden space 65536K, 100% used [0x00000000d6380000,0x00000000da380000,0x00000000da380000)
  from space 5120K, 0% used [0x00000000da880000,0x00000000da880000,0x00000000dad80000)
  to   space 5120K, 0% used [0x00000000da380000,0x00000000da380000,0x00000000da880000)
 ParOldGen       total 59904K, used 7675K [0x0000000082a00000, 0x0000000086480000, 0x00000000d6380000)
  object space 59904K, 12% used [0x0000000082a00000,0x000000008317efd8,0x0000000086480000)
 Metaspace       used 24176K, capacity 25432K, committed 25728K, reserved 1071104K
  class space    used 3089K, capacity 3362K, committed 3456K, reserved 1048576K
Event: 2.933 GC heap after
Heap after GC invocations=6 (full 1):
 PSYoungGen      total 70656K, used 5091K [0x00000000d6380000, 0x00000000dad80000, 0x0000000100000000)
  eden space 65536K, 0% used [0x00000000d6380000,0x00000000d6380000,0x00000000da380000)
  from space 5120K, 99% used [0x00000000da380000,0x00000000da878db0,0x00000000da880000)
  to   space 5120K, 0% used [0x00000000da880000,0x00000000da880000,0x00000000dad80000)
 ParOldGen       total 59904K, used 9788K [0x0000000082a00000, 0x0000000086480000, 0x00000000d6380000)
  object space 59904K, 16% used [0x0000000082a00000,0x000000008338f278,0x0000000086480000)
 Metaspace       used 24176K, capacity 25432K, committed 25728K, reserved 1071104K
  class space    used 3089K, capacity 3362K, committed 3456K, reserved 1048576K
}

